*** Using Compiler 'V5.06 update 7 (build 960)', folder: 'D:\RM\Keil5\ARM\ARMCC\Bin'
Build target 'Training_Test'
assembling startup_stm32f103xe.s...
compiling stm32f1xx_hal_msp.c...
compiling stm32f1xx_hal.c...
compiling stm32f1xx_hal_timebase_tim.c...
compiling dma.c...
compiling freertos.c...
compiling stm32f1xx_hal_gpio_ex.c...
compiling usart.c...
compiling main.c...
../Core/Inc/ble_remote.h(45): warning:  #1-D: last line of file ends without a newline
  #endif
../Core/Src/main.c(95): warning:  #223-D: function "uart_to_remote_frame" declared implicitly
            if (uart_to_remote_frame(&rx_buf[i], &g_remote) == 0)
../Core/Src/main.c: 2 warnings, 0 errors
compiling stm32f1xx_hal_gpio.c...
compiling stm32f1xx_it.c...
compiling tim.c...
compiling gpio.c...
compiling stm32f1xx_hal_rcc_ex.c...
compiling stm32f1xx_hal_dma.c...
compiling stm32f1xx_hal_rcc.c...
compiling croutine.c...
compiling list.c...
compiling event_groups.c...
compiling queue.c...
compiling stream_buffer.c...
compiling tasks.c...
compiling timers.c...
compiling heap_4.c...
compiling Chassis_control.c...
..\Task\Chassis_control.c(2): warning:  #1-D: last line of file ends without a newline
  void Start_Chassis_Control(void const *argument);
..\Task\Chassis_control.c: 1 warning, 0 errors
compiling Servo_control.c...
..\Task\Servo_control.c(1): warning:  #1-D: last line of file ends without a newline
  void Start_Servo_Control(void const *argument);
..\Task\Servo_control.c: 1 warning, 0 errors
compiling pid.c...
..\Users_Drive\PID\pid.c(16): warning:  #940-D: missing return statement at end of non-void function "LimitMax" 
  }
..\Users_Drive\PID\pid.c: 1 warning, 0 errors
compiling cmsis_os.c...
compiling port.c...
compiling stm32f1xx_hal_cortex.c...
compiling stm32f1xx_hal_pwr.c...
compiling stm32f1xx_hal_flash.c...
compiling stm32f1xx_hal_flash_ex.c...
compiling stm32f1xx_hal_exti.c...
compiling system_stm32f1xx.c...
compiling stm32f1xx_hal_tim_ex.c...
compiling stm32f1xx_hal_uart.c...
compiling stm32f1xx_hal_tim.c...
compiling motor.c...
../Core/Inc/ble_remote.h(45): warning:  #1-D: last line of file ends without a newline
  #endif
..\Users_Drive\Motor\motor.c(53): warning:  #188-D: enumerated type mixed with another type
    PID_Init(&motor->pid, mode, maxout, max_iout, kp, ki, kd);
..\Users_Drive\Motor\motor.c: 2 warnings, 0 errors
linking...
Training_Test\Training_Test.axf: Error: L6218E: Undefined symbol uart_to_remote_frame (referred from main.o).
Not enough information to list image symbols.
Not enough information to list load addresses in the image map.
Finished: 2 information, 0 warning and 1 error messages.
"Training_Test\Training_Test.axf" - 1 Error(s), 7 Warning(s).
Target not created.
Build Time Elapsed:  00:00:05
